# Logfile created on 2018-04-01 19:55:08 +0200 by logger.rb/47272
I, [2018-04-01T19:55:08.461907 #14362]  INFO -- : Running example 'Verifying a pact between SomeConsumer and SomeProvider Given A get request to /api/catalog/products Get products with GET /api/catalog/products returns a response which has status code 200'
I, [2018-04-01T19:55:08.472802 #14362]  INFO -- : Sending GET request to path: "/api/catalog/products" with headers: {"CONTENT_TYPE"=>"application/json"}, see debug logs for body
D, [2018-04-01T19:55:08.472908 #14362] DEBUG -- : body :
I, [2018-04-01T19:55:08.543719 #14362]  INFO -- : Running example 'Verifying a pact between SomeConsumer and SomeProvider Given A get request to /api/catalog/products Get products with GET /api/catalog/products returns a response which has a matching body'
I, [2018-04-01T19:55:08.545934 #14362]  INFO -- : Sending GET request to path: "/api/catalog/products" with headers: {"CONTENT_TYPE"=>"application/json"}, see debug logs for body
D, [2018-04-01T19:55:08.545990 #14362] DEBUG -- : body :
I, [2018-04-01T19:55:08.570276 #14362]  INFO -- : Running example 'Verifying a pact between SomeConsumer and SomeProvider Given A get request to /api/catalog/products Get products with GET /api/catalog/products returns a response which includes headers "Content-Type" which equals "application/json"'
I, [2018-04-01T19:55:08.589706 #14362]  INFO -- : Sending GET request to path: "/api/catalog/products" with headers: {"CONTENT_TYPE"=>"application/json"}, see debug logs for body
D, [2018-04-01T19:55:08.589983 #14362] DEBUG -- : body :
I, [2018-04-02T12:49:17.577548 #20232]  INFO -- : Running example 'Verifying a pact between SomeConsumer and SomeProvider Given A get request to /api/catalog/products Get products with GET /api/catalog/products returns a response which has status code 200'
I, [2018-04-02T12:49:17.577908 #20232]  INFO -- : Sending GET request to path: "/api/catalog/products" with headers: {"CONTENT_TYPE"=>"application/json"}, see debug logs for body
D, [2018-04-02T12:49:17.577965 #20232] DEBUG -- : body :
I, [2018-04-02T12:49:17.594587 #20232]  INFO -- : Running example 'Verifying a pact between SomeConsumer and SomeProvider Given A get request to /api/catalog/products Get products with GET /api/catalog/products returns a response which has a matching body'
I, [2018-04-02T12:49:17.594740 #20232]  INFO -- : Sending GET request to path: "/api/catalog/products" with headers: {"CONTENT_TYPE"=>"application/json"}, see debug logs for body
D, [2018-04-02T12:49:17.594789 #20232] DEBUG -- : body :
I, [2018-04-02T12:49:17.595718 #20232]  INFO -- : Running example 'Verifying a pact between SomeConsumer and SomeProvider Given A get request to /api/catalog/products Get products with GET /api/catalog/products returns a response which includes headers "Content-Type" which equals "application/json"'
I, [2018-04-02T12:49:17.595843 #20232]  INFO -- : Sending GET request to path: "/api/catalog/products" with headers: {"CONTENT_TYPE"=>"application/json"}, see debug logs for body
D, [2018-04-02T12:49:17.595874 #20232] DEBUG -- : body :
I, [2018-04-02T13:16:04.579986 #20883]  INFO -- : Running example 'Verifying a pact between SomeConsumer and SomeProvider Given A get request to /api/catalog/products Get products with GET /api/catalog/products returns a response which has status code 200'
I, [2018-04-02T13:16:04.580489 #20883]  INFO -- : Sending GET request to path: "/api/catalog/products" with headers: {"CONTENT_TYPE"=>"application/json"}, see debug logs for body
D, [2018-04-02T13:16:04.580551 #20883] DEBUG -- : body :
I, [2018-04-02T13:16:04.595174 #20883]  INFO -- : Running example 'Verifying a pact between SomeConsumer and SomeProvider Given A get request to /api/catalog/products Get products with GET /api/catalog/products returns a response which has a matching body'
I, [2018-04-02T13:16:04.595340 #20883]  INFO -- : Sending GET request to path: "/api/catalog/products" with headers: {"CONTENT_TYPE"=>"application/json"}, see debug logs for body
D, [2018-04-02T13:16:04.595375 #20883] DEBUG -- : body :
I, [2018-04-02T13:16:04.596267 #20883]  INFO -- : Running example 'Verifying a pact between SomeConsumer and SomeProvider Given A get request to /api/catalog/products Get products with GET /api/catalog/products returns a response which includes headers "Content-Type" which equals "application/json"'
I, [2018-04-02T13:16:04.596356 #20883]  INFO -- : Sending GET request to path: "/api/catalog/products" with headers: {"CONTENT_TYPE"=>"application/json"}, see debug logs for body
D, [2018-04-02T13:16:04.596382 #20883] DEBUG -- : body :
I, [2018-04-03T08:53:01.465122 #24719]  INFO -- : Running example 'Verifying a pact between SomeConsumer and SomeProvider Given A get request to /api/catalog/products Get products with GET /api/catalog/products returns a response which has status code 200'
I, [2018-04-03T08:53:01.465802 #24719]  INFO -- : Sending GET request to path: "/api/catalog/products" with headers: {"CONTENT_TYPE"=>"application/json"}, see debug logs for body
D, [2018-04-03T08:53:01.465890 #24719] DEBUG -- : body :
I, [2018-04-03T08:53:01.483350 #24719]  INFO -- : Running example 'Verifying a pact between SomeConsumer and SomeProvider Given A get request to /api/catalog/products Get products with GET /api/catalog/products returns a response which has a matching body'
I, [2018-04-03T08:53:01.483513 #24719]  INFO -- : Sending GET request to path: "/api/catalog/products" with headers: {"CONTENT_TYPE"=>"application/json"}, see debug logs for body
D, [2018-04-03T08:53:01.483563 #24719] DEBUG -- : body :
I, [2018-04-03T08:53:01.484648 #24719]  INFO -- : Running example 'Verifying a pact between SomeConsumer and SomeProvider Given A get request to /api/catalog/products Get products with GET /api/catalog/products returns a response which includes headers "Content-Type" which equals "application/json"'
I, [2018-04-03T08:53:01.484743 #24719]  INFO -- : Sending GET request to path: "/api/catalog/products" with headers: {"CONTENT_TYPE"=>"application/json"}, see debug logs for body
D, [2018-04-03T08:53:01.484771 #24719] DEBUG -- : body :
I, [2018-04-03T09:01:14.960359 #25032]  INFO -- : Running example 'Verifying a pact between SomeConsumer and SomeProvider Given A get request to /api/catalog/products Get products with GET /api/catalog/products returns a response which has status code 200'
I, [2018-04-03T09:01:14.960847 #25032]  INFO -- : Sending GET request to path: "/api/catalog/products" with headers: {"CONTENT_TYPE"=>"application/json"}, see debug logs for body
D, [2018-04-03T09:01:14.960907 #25032] DEBUG -- : body :
I, [2018-04-03T09:01:14.978387 #25032]  INFO -- : Running example 'Verifying a pact between SomeConsumer and SomeProvider Given A get request to /api/catalog/products Get products with GET /api/catalog/products returns a response which has a matching body'
I, [2018-04-03T09:01:14.978551 #25032]  INFO -- : Sending GET request to path: "/api/catalog/products" with headers: {"CONTENT_TYPE"=>"application/json"}, see debug logs for body
D, [2018-04-03T09:01:14.978602 #25032] DEBUG -- : body :
I, [2018-04-03T09:01:14.980016 #25032]  INFO -- : Running example 'Verifying a pact between SomeConsumer and SomeProvider Given A get request to /api/catalog/products Get products with GET /api/catalog/products returns a response which includes headers "Content-Type" which equals "application/json"'
I, [2018-04-03T09:01:14.980177 #25032]  INFO -- : Sending GET request to path: "/api/catalog/products" with headers: {"CONTENT_TYPE"=>"application/json"}, see debug logs for body
D, [2018-04-03T09:01:14.980223 #25032] DEBUG -- : body :
I, [2018-04-03T09:04:02.466144 #25092]  INFO -- : Running example 'Verifying a pact between SomeConsumer and SomeProvider Given A get request to /api/catalog/products Get products with GET /api/catalog/products returns a response which has status code 200'
I, [2018-04-03T09:04:02.466570 #25092]  INFO -- : Sending GET request to path: "/api/catalog/products" with headers: {"CONTENT_TYPE"=>"application/json"}, see debug logs for body
D, [2018-04-03T09:04:02.466619 #25092] DEBUG -- : body :
I, [2018-04-03T09:04:04.821320 #25092]  INFO -- : Received response with status: 200, headers: {"Server"=>"nginx", "Content-Type"=>"application/json", "Connection"=>"keep-alive", "X-Powered-By"=>"PHP/7.1.15", "Cache-Control"=>"no-cache, private", "Date"=>"Tue, 03 Apr 2018 07:04:04 GMT", "Content-Length"=>"302"}, see debug logs for body
D, [2018-04-03T09:04:04.821415 #25092] DEBUG -- : body: {"data":[{"id":"0d6f44d0-ad57-475d-876a-d20180fc22bd","name":"Don\u2019t Starve","price":2.99},{"id":"162e2dc2-6761-4a4e-9203-05f367d7ccd9","name":"Fallout","price":1.99},{"id":"4d690f62-8d63-4b53-be57-ab6e5381772b","name":"Bloodborne","price":5.99}],"next":"\/api\/catalog\/products?page=2","prev":""}
I, [2018-04-03T09:12:47.112424 #25475]  INFO -- : Running example 'Verifying a pact between SomeConsumer and SomeProvider Given A get request to /api/catalog/products Get products with GET /api/catalog/products returns a response which has status code 200'
I, [2018-04-03T09:12:47.112904 #25475]  INFO -- : Sending GET request to path: "/api/catalog/products" with headers: {"CONTENT_TYPE"=>"application/json"}, see debug logs for body
D, [2018-04-03T09:12:47.112952 #25475] DEBUG -- : body :
I, [2018-04-03T09:12:49.504552 #25475]  INFO -- : Received response with status: 200, headers: {"Server"=>"nginx", "Content-Type"=>"application/json", "Connection"=>"keep-alive", "X-Powered-By"=>"PHP/7.1.15", "Cache-Control"=>"no-cache, private", "Date"=>"Tue, 03 Apr 2018 07:12:49 GMT", "Content-Length"=>"302"}, see debug logs for body
D, [2018-04-03T09:12:49.504621 #25475] DEBUG -- : body: {"data":[{"id":"0d6f44d0-ad57-475d-876a-d20180fc22bd","name":"Don\u2019t Starve","price":2.99},{"id":"162e2dc2-6761-4a4e-9203-05f367d7ccd9","name":"Fallout","price":1.99},{"id":"4d690f62-8d63-4b53-be57-ab6e5381772b","name":"Bloodborne","price":5.99}],"next":"\/api\/catalog\/products?page=2","prev":""}
I, [2018-04-03T09:36:19.520898 #26118]  INFO -- : Running example 'Verifying a pact between SomeConsumer and SomeProvider Given A get request to /api/catalog/products Get products with GET /api/catalog/products returns a response which has status code 200'
I, [2018-04-03T09:36:19.521271 #26118]  INFO -- : Sending GET request to path: "/api/catalog/products" with headers: {"CONTENT_TYPE"=>"application/json"}, see debug logs for body
D, [2018-04-03T09:36:19.521316 #26118] DEBUG -- : body :
I, [2018-04-03T09:36:21.827585 #26118]  INFO -- : Received response with status: 200, headers: {"Server"=>"nginx", "Content-Type"=>"application/json", "Connection"=>"keep-alive", "X-Powered-By"=>"PHP/7.1.15", "Cache-Control"=>"no-cache, private", "Date"=>"Tue, 03 Apr 2018 07:22:25 GMT", "Content-Length"=>"302"}, see debug logs for body
D, [2018-04-03T09:36:21.827646 #26118] DEBUG -- : body: {"data":[{"id":"0d6f44d0-ad57-475d-876a-d20180fc22bd","name":"Don\u2019t Starve","price":2.99},{"id":"162e2dc2-6761-4a4e-9203-05f367d7ccd9","name":"Fallout","price":1.99},{"id":"4d690f62-8d63-4b53-be57-ab6e5381772b","name":"Bloodborne","price":5.99}],"next":"\/api\/catalog\/products?page=2","prev":""}
I, [2018-04-16T09:05:22.801736 #36901]  INFO -- : Running example 'Verifying a pact between SomeConsumer and SomeProvider Given A get request to /api/catalog/products Get products with GET /api/catalog/products returns a response which has status code 200'
I, [2018-04-16T09:05:22.802386 #36901]  INFO -- : Sending GET request to path: "/api/catalog/products" with headers: {"CONTENT_TYPE"=>"application/json"}, see debug logs for body
D, [2018-04-16T09:05:22.802432 #36901] DEBUG -- : body :
I, [2018-04-16T09:05:22.829596 #36901]  INFO -- : Running example 'Verifying a pact between SomeConsumer and SomeProvider Given A get request to /api/catalog/products Get products with GET /api/catalog/products returns a response which has a matching body'
I, [2018-04-16T09:05:22.830005 #36901]  INFO -- : Sending GET request to path: "/api/catalog/products" with headers: {"CONTENT_TYPE"=>"application/json"}, see debug logs for body
D, [2018-04-16T09:05:22.830054 #36901] DEBUG -- : body :
I, [2018-04-16T09:05:22.832019 #36901]  INFO -- : Running example 'Verifying a pact between SomeConsumer and SomeProvider Given A get request to /api/catalog/products Get products with GET /api/catalog/products returns a response which includes headers "Content-Type" which equals "application/json"'
I, [2018-04-16T09:05:22.832217 #36901]  INFO -- : Sending GET request to path: "/api/catalog/products" with headers: {"CONTENT_TYPE"=>"application/json"}, see debug logs for body
D, [2018-04-16T09:05:22.832260 #36901] DEBUG -- : body :
I, [2018-04-18T08:46:05.884099 #62637]  INFO -- : Running example 'Verifying a pact between SomeConsumer and SomeProvider Given A get request to /api/catalog/products Get products with GET /api/catalog/products returns a response which has status code 200'
I, [2018-04-18T08:46:05.884580 #62637]  INFO -- : Sending GET request to path: "/api/catalog/products" with headers: {"CONTENT_TYPE"=>"application/json"}, see debug logs for body
D, [2018-04-18T08:46:05.884637 #62637] DEBUG -- : body :
I, [2018-04-18T08:46:06.089744 #62637]  INFO -- : Running example 'Verifying a pact between SomeConsumer and SomeProvider Given A get request to /api/catalog/products Get products with GET /api/catalog/products returns a response which has a matching body'
I, [2018-04-18T08:46:06.089953 #62637]  INFO -- : Sending GET request to path: "/api/catalog/products" with headers: {"CONTENT_TYPE"=>"application/json"}, see debug logs for body
D, [2018-04-18T08:46:06.090011 #62637] DEBUG -- : body :
I, [2018-04-18T08:46:06.278838 #62637]  INFO -- : Running example 'Verifying a pact between SomeConsumer and SomeProvider Given A get request to /api/catalog/products Get products with GET /api/catalog/products returns a response which includes headers "Content-Type" which equals "application/json"'
I, [2018-04-18T08:46:06.279049 #62637]  INFO -- : Sending GET request to path: "/api/catalog/products" with headers: {"CONTENT_TYPE"=>"application/json"}, see debug logs for body
D, [2018-04-18T08:46:06.279109 #62637] DEBUG -- : body :
I, [2018-04-18T09:10:33.674607 #63463]  INFO -- : Running example 'Verifying a pact between SomeConsumer and SomeProvider Given A get request to /api/catalog/products Get products with GET /api/catalog/products returns a response which has status code 200'
I, [2018-04-18T09:10:33.675055 #63463]  INFO -- : Sending GET request to path: "/api/catalog/products" with headers: {"CONTENT_TYPE"=>"application/json"}, see debug logs for body
D, [2018-04-18T09:10:33.675102 #63463] DEBUG -- : body :
I, [2018-04-18T09:10:34.694818 #63463]  INFO -- : Running example 'Verifying a pact between SomeConsumer and SomeProvider Given A get request to /api/catalog/products Get products with GET /api/catalog/products returns a response which has a matching body'
I, [2018-04-18T09:10:34.694976 #63463]  INFO -- : Sending GET request to path: "/api/catalog/products" with headers: {"CONTENT_TYPE"=>"application/json"}, see debug logs for body
D, [2018-04-18T09:10:34.695017 #63463] DEBUG -- : body :
I, [2018-04-18T09:10:35.698273 #63463]  INFO -- : Running example 'Verifying a pact between SomeConsumer and SomeProvider Given A get request to /api/catalog/products Get products with GET /api/catalog/products returns a response which includes headers "Content-Type" which equals "application/json"'
I, [2018-04-18T09:10:35.698447 #63463]  INFO -- : Sending GET request to path: "/api/catalog/products" with headers: {"CONTENT_TYPE"=>"application/json"}, see debug logs for body
D, [2018-04-18T09:10:35.698493 #63463] DEBUG -- : body :
I, [2018-04-22T19:42:02.240487 #27999]  INFO -- : Running example 'Verifying a pact between SomeConsumer and SomeProvider Given A get request to /api/catalog/products Get products with GET /api/catalog/products returns a response which has status code 200'
I, [2018-04-22T19:42:02.241374 #27999]  INFO -- : Sending GET request to path: "/api/catalog/products" with headers: {"CONTENT_TYPE"=>"application/json"}, see debug logs for body
D, [2018-04-22T19:42:02.241427 #27999] DEBUG -- : body :
I, [2018-04-22T19:42:03.161711 #27999]  INFO -- : Received response with status: 500, headers: {"Server"=>"nginx", "Content-Type"=>"application/json", "Connection"=>"keep-alive", "X-Powered-By"=>"PHP/7.1.15", "Cache-Control"=>"no-cache, private", "Date"=>"Sun, 22 Apr 2018 17:42:03 GMT", "Content-Length"=>"51"}, see debug logs for body
D, [2018-04-22T19:42:03.161824 #27999] DEBUG -- : body: {"message":"unknown error, please contact support"}
I, [2018-04-22T20:05:51.506639 #29079]  INFO -- : Running example 'Verifying a pact between SomeConsumer and SomeProvider Given A get request to /api/catalog/products Get products with GET /api/catalog/products returns a response which has status code 200'
I, [2018-04-22T20:05:51.507522 #29079]  INFO -- : Sending GET request to path: "/api/catalog/products" with headers: {"CONTENT_TYPE"=>"application/json"}, see debug logs for body
D, [2018-04-22T20:05:51.507579 #29079] DEBUG -- : body :
I, [2018-04-22T20:05:52.102217 #29079]  INFO -- : Received response with status: 200, headers: {"Server"=>"nginx", "Content-Type"=>"application/json", "Connection"=>"keep-alive", "X-Powered-By"=>"PHP/7.1.15", "Cache-Control"=>"no-cache, private", "Date"=>"Sun, 22 Apr 2018 18:05:52 GMT", "Content-Length"=>"271"}, see debug logs for body
D, [2018-04-22T20:05:52.102306 #29079] DEBUG -- : body: {"data":[{"id":"162e2dc2-6761-4a4e-9203-05f367d7ccd9","name":"Fallout","price":1.99},{"id":"4d690f62-8d63-4b53-be57-ab6e5381772b","name":"Bloodborne","price":5.99},{"id":"0d6f44d0-ad57-475d-876a-d20180fc22bd","name":"Don\u2019t Starve","price":2.99}],"next":"","prev":""}
I, [2018-04-22T20:06:29.089147 #29101]  INFO -- : Running example 'Verifying a pact between SomeConsumer and SomeProvider Given A get request to /api/catalog/products Get products with GET /api/catalog/products returns a response which has status code 200'
I, [2018-04-22T20:06:29.089629 #29101]  INFO -- : Sending GET request to path: "/api/catalog/products" with headers: {"CONTENT_TYPE"=>"application/json"}, see debug logs for body
D, [2018-04-22T20:06:29.089676 #29101] DEBUG -- : body :
I, [2018-04-22T20:06:29.442588 #29101]  INFO -- : Received response with status: 200, headers: {"Server"=>"nginx", "Content-Type"=>"application/json", "Connection"=>"keep-alive", "X-Powered-By"=>"PHP/7.1.15", "Cache-Control"=>"no-cache, private", "Date"=>"Sun, 22 Apr 2018 18:06:29 GMT", "Content-Length"=>"271"}, see debug logs for body
D, [2018-04-22T20:06:29.442679 #29101] DEBUG -- : body: {"data":[{"id":"162e2dc2-6761-4a4e-9203-05f367d7ccd9","name":"Fallout","price":1.99},{"id":"4d690f62-8d63-4b53-be57-ab6e5381772b","name":"Bloodborne","price":5.99},{"id":"0d6f44d0-ad57-475d-876a-d20180fc22bd","name":"Don\u2019t Starve","price":2.99}],"next":"","prev":""}
I, [2018-04-22T20:06:41.241909 #29129]  INFO -- : Running example 'Verifying a pact between SomeConsumer and SomeProvider Given A get request to /api/catalog/products Get products with GET /api/catalog/products returns a response which has status code 200'
I, [2018-04-22T20:06:41.242126 #29129]  INFO -- : Sending GET request to path: "/api/catalog/products" with headers: {"CONTENT_TYPE"=>"application/json"}, see debug logs for body
D, [2018-04-22T20:06:41.242172 #29129] DEBUG -- : body :
I, [2018-04-22T20:06:41.455312 #29129]  INFO -- : Received response with status: 404, headers: {"Server"=>"nginx", "Content-Type"=>"application/json", "Connection"=>"keep-alive", "X-Powered-By"=>"PHP/7.1.15", "Cache-Control"=>"no-cache, private", "Date"=>"Sun, 22 Apr 2018 18:06:41 GMT", "Content-Length"=>"29"}, see debug logs for body
D, [2018-04-22T20:06:41.455382 #29129] DEBUG -- : body: {"message":"route not found"}
I, [2018-04-22T20:10:35.693180 #29333]  INFO -- : Running example 'Verifying a pact between SomeConsumer and SomeProvider Given A get request to /api/catalog/products Get products with GET /api/catalog/products returns a response which has status code 200'
I, [2018-04-22T20:10:35.694230 #29333]  INFO -- : Sending GET request to path: "/api/catalog/products" with headers: {"CONTENT_TYPE"=>"application/json"}, see debug logs for body
D, [2018-04-22T20:10:35.694338 #29333] DEBUG -- : body :
I, [2018-04-22T20:10:36.316956 #29333]  INFO -- : Received response with status: 200, headers: {"Server"=>"nginx", "Content-Type"=>"application/json", "Connection"=>"keep-alive", "X-Powered-By"=>"PHP/7.1.15", "Cache-Control"=>"no-cache, private", "Date"=>"Sun, 22 Apr 2018 18:10:36 GMT", "Content-Length"=>"271"}, see debug logs for body
D, [2018-04-22T20:10:36.317044 #29333] DEBUG -- : body: {"data":[{"id":"162e2dc2-6761-4a4e-9203-05f367d7ccd9","name":"Fallout","price":1.99},{"id":"4d690f62-8d63-4b53-be57-ab6e5381772b","name":"Bloodborne","price":5.99},{"id":"0d6f44d0-ad57-475d-876a-d20180fc22bd","name":"Don\u2019t Starve","price":2.99}],"next":"","prev":""}
I, [2018-04-22T20:41:18.150510 #30029]  INFO -- : Running example 'Verifying a pact between SomeConsumer and SomeProvider Given A get request to /api/catalog/products Get products with GET /api/catalog/products returns a response which has status code 200'
I, [2018-04-22T20:41:18.151430 #30029]  INFO -- : Sending GET request to path: "/api/catalog/products" with headers: {"CONTENT_TYPE"=>"application/json"}, see debug logs for body
D, [2018-04-22T20:41:18.151498 #30029] DEBUG -- : body :
I, [2018-04-22T20:41:18.796163 #30029]  INFO -- : Received response with status: 200, headers: {"Server"=>"nginx", "Content-Type"=>"application/json", "Connection"=>"keep-alive", "X-Powered-By"=>"PHP/7.1.15", "Cache-Control"=>"no-cache, private", "Date"=>"Sun, 22 Apr 2018 18:27:43 GMT", "Content-Length"=>"271"}, see debug logs for body
D, [2018-04-22T20:41:18.796235 #30029] DEBUG -- : body: {"data":[{"id":"162e2dc2-6761-4a4e-9203-05f367d7ccd9","name":"Fallout","price":1.99},{"id":"4d690f62-8d63-4b53-be57-ab6e5381772b","name":"Bloodborne","price":5.99},{"id":"0d6f44d0-ad57-475d-876a-d20180fc22bd","name":"Don\u2019t Starve","price":2.99}],"next":"","prev":""}
I, [2018-04-22T21:20:35.386591 #31152]  INFO -- : Running example 'Verifying a pact between SomeConsumer and SomeProvider Given A get request to /api/catalog/products Get products with GET /api/catalog/products returns a response which has status code 200'
I, [2018-04-22T21:20:35.388090 #31152]  INFO -- : Sending GET request to path: "/api/catalog/products" with headers: {"CONTENT_TYPE"=>"application/json"}, see debug logs for body
D, [2018-04-22T21:20:35.388225 #31152] DEBUG -- : body :
I, [2018-04-22T21:20:36.304915 #31152]  INFO -- : Received response with status: 200, headers: {"Server"=>"nginx", "Content-Type"=>"application/json", "Connection"=>"keep-alive", "X-Powered-By"=>"PHP/7.1.15", "Cache-Control"=>"no-cache, private", "Date"=>"Sun, 22 Apr 2018 19:20:36 GMT", "Content-Length"=>"271"}, see debug logs for body
D, [2018-04-22T21:20:36.305584 #31152] DEBUG -- : body: {"data":[{"id":"162e2dc2-6761-4a4e-9203-05f367d7ccd9","name":"Fallout","price":1.99},{"id":"4d690f62-8d63-4b53-be57-ab6e5381772b","name":"Bloodborne","price":5.99},{"id":"0d6f44d0-ad57-475d-876a-d20180fc22bd","name":"Don\u2019t Starve","price":2.99}],"next":"","prev":""}
I, [2018-04-29T13:09:48.490866 #53949]  INFO -- : Running example 'Verifying a pact between SomeConsumer and SomeProvider Given A get request to /api/catalog/categories Get categories with GET /api/catalog/categories returns a response which has status code 200'
I, [2018-04-29T13:09:48.491346 #53949]  INFO -- : Sending GET request to path: "/api/catalog/categories" with headers: {"CONTENT_TYPE"=>"application/json"}, see debug logs for body
D, [2018-04-29T13:09:48.491396 #53949] DEBUG -- : body :
I, [2018-04-29T13:09:48.612326 #53949]  INFO -- : Running example 'Verifying a pact between SomeConsumer and SomeProvider Given A get request to /api/catalog/categories Get categories with GET /api/catalog/categories returns a response which has a matching body'
I, [2018-04-29T13:09:48.612485 #53949]  INFO -- : Sending GET request to path: "/api/catalog/categories" with headers: {"CONTENT_TYPE"=>"application/json"}, see debug logs for body
D, [2018-04-29T13:09:48.612536 #53949] DEBUG -- : body :
I, [2018-04-29T13:09:48.715745 #53949]  INFO -- : Running example 'Verifying a pact between SomeConsumer and SomeProvider Given A get request to /api/catalog/categories Get categories with GET /api/catalog/categories returns a response which includes headers "Content-Type" which equals "application/json"'
I, [2018-04-29T13:09:48.715931 #53949]  INFO -- : Sending GET request to path: "/api/catalog/categories" with headers: {"CONTENT_TYPE"=>"application/json"}, see debug logs for body
D, [2018-04-29T13:09:48.715978 #53949] DEBUG -- : body :
I, [2018-04-29T13:09:48.818914 #53949]  INFO -- : Running example 'Verifying a pact between SomeConsumer and SomeProvider Given A get request to /api/catalog/products Get products with GET /api/catalog/products returns a response which has status code 200'
I, [2018-04-29T13:09:48.819062 #53949]  INFO -- : Sending GET request to path: "/api/catalog/products" with headers: {"CONTENT_TYPE"=>"application/json"}, see debug logs for body
D, [2018-04-29T13:09:48.819099 #53949] DEBUG -- : body :
I, [2018-04-29T13:09:48.922086 #53949]  INFO -- : Running example 'Verifying a pact between SomeConsumer and SomeProvider Given A get request to /api/catalog/products Get products with GET /api/catalog/products returns a response which has a matching body'
I, [2018-04-29T13:09:48.922263 #53949]  INFO -- : Sending GET request to path: "/api/catalog/products" with headers: {"CONTENT_TYPE"=>"application/json"}, see debug logs for body
D, [2018-04-29T13:09:48.922309 #53949] DEBUG -- : body :
I, [2018-04-29T13:09:49.026415 #53949]  INFO -- : Running example 'Verifying a pact between SomeConsumer and SomeProvider Given A get request to /api/catalog/products Get products with GET /api/catalog/products returns a response which includes headers "Content-Type" which equals "application/json"'
I, [2018-04-29T13:09:49.026578 #53949]  INFO -- : Sending GET request to path: "/api/catalog/products" with headers: {"CONTENT_TYPE"=>"application/json"}, see debug logs for body
D, [2018-04-29T13:09:49.026611 #53949] DEBUG -- : body :
I, [2018-04-29T13:10:29.644518 #53972]  INFO -- : Running example 'Verifying a pact between SomeConsumer and SomeProvider Given A get request to /api/catalog/categories Get categories with GET /api/catalog/categories returns a response which has status code 200'
I, [2018-04-29T13:10:29.644950 #53972]  INFO -- : Sending GET request to path: "/api/catalog/categories" with headers: {"CONTENT_TYPE"=>"application/json"}, see debug logs for body
D, [2018-04-29T13:10:29.645003 #53972] DEBUG -- : body :
I, [2018-04-29T13:10:30.392416 #53972]  INFO -- : Received response with status: 404, headers: {"Server"=>"nginx", "Content-Type"=>"application/json", "Connection"=>"keep-alive", "X-Powered-By"=>"PHP/7.1.15", "Cache-Control"=>"no-cache, private", "Date"=>"Sun, 29 Apr 2018 11:10:30 GMT", "Content-Length"=>"29"}, see debug logs for body
D, [2018-04-29T13:10:30.392489 #53972] DEBUG -- : body: {"message":"route not found"}
I, [2018-04-29T13:10:30.398456 #53972]  INFO -- : Running example 'Verifying a pact between SomeConsumer and SomeProvider Given A get request to /api/catalog/products Get products with GET /api/catalog/products returns a response which has status code 200'
I, [2018-04-29T13:10:30.398585 #53972]  INFO -- : Sending GET request to path: "/api/catalog/products" with headers: {"CONTENT_TYPE"=>"application/json"}, see debug logs for body
D, [2018-04-29T13:10:30.398627 #53972] DEBUG -- : body :
I, [2018-04-29T13:10:31.036014 #53972]  INFO -- : Received response with status: 500, headers: {"Server"=>"nginx", "Content-Type"=>"application/json", "Connection"=>"keep-alive", "X-Powered-By"=>"PHP/7.1.15", "Cache-Control"=>"no-cache, private", "Date"=>"Sun, 29 Apr 2018 11:10:31 GMT", "Content-Length"=>"51"}, see debug logs for body
D, [2018-04-29T13:10:31.036085 #53972] DEBUG -- : body: {"message":"unknown error, please contact support"}
I, [2018-04-29T13:13:56.299121 #54110]  INFO -- : Running example 'Verifying a pact between SomeConsumer and SomeProvider Given A get request to /api/catalog/categories Get categories with GET /api/catalog/categories returns a response which has status code 200'
I, [2018-04-29T13:13:56.299768 #54110]  INFO -- : Sending GET request to path: "/api/catalog/categories" with headers: {"CONTENT_TYPE"=>"application/json"}, see debug logs for body
D, [2018-04-29T13:13:56.299891 #54110] DEBUG -- : body :
I, [2018-04-29T13:13:56.742403 #54110]  INFO -- : Received response with status: 404, headers: {"Server"=>"nginx", "Content-Type"=>"application/json", "Connection"=>"keep-alive", "X-Powered-By"=>"PHP/7.1.15", "Cache-Control"=>"no-cache, private", "Date"=>"Sun, 29 Apr 2018 11:13:57 GMT", "Content-Length"=>"29"}, see debug logs for body
D, [2018-04-29T13:13:56.742517 #54110] DEBUG -- : body: {"message":"route not found"}
I, [2018-04-29T13:13:56.748833 #54110]  INFO -- : Running example 'Verifying a pact between SomeConsumer and SomeProvider Given A get request to /api/catalog/products Get products with GET /api/catalog/products returns a response which has status code 200'
I, [2018-04-29T13:13:56.748943 #54110]  INFO -- : Sending GET request to path: "/api/catalog/products" with headers: {"CONTENT_TYPE"=>"application/json"}, see debug logs for body
D, [2018-04-29T13:13:56.748971 #54110] DEBUG -- : body :
I, [2018-04-29T13:13:57.419900 #54110]  INFO -- : Received response with status: 200, headers: {"Server"=>"nginx", "Content-Type"=>"application/json", "Connection"=>"keep-alive", "X-Powered-By"=>"PHP/7.1.15", "Cache-Control"=>"no-cache, private", "Date"=>"Sun, 29 Apr 2018 11:13:57 GMT", "Content-Length"=>"271"}, see debug logs for body
D, [2018-04-29T13:13:57.419978 #54110] DEBUG -- : body: {"data":[{"id":"162e2dc2-6761-4a4e-9203-05f367d7ccd9","name":"Fallout","price":1.99},{"id":"4d690f62-8d63-4b53-be57-ab6e5381772b","name":"Bloodborne","price":5.99},{"id":"0d6f44d0-ad57-475d-876a-d20180fc22bd","name":"Don\u2019t Starve","price":2.99}],"next":"","prev":""}
I, [2018-04-29T13:41:42.958412 #56282]  INFO -- : Running example 'Verifying a pact between SomeConsumer and SomeProvider Given A get request to /api/catalog/categories Get categories with GET /api/catalog/categories returns a response which has status code 200'
I, [2018-04-29T13:41:42.959024 #56282]  INFO -- : Sending GET request to path: "/api/catalog/categories" with headers: {"CONTENT_TYPE"=>"application/json"}, see debug logs for body
D, [2018-04-29T13:41:42.959089 #56282] DEBUG -- : body :
I, [2018-04-29T13:41:43.250480 #56282]  INFO -- : Received response with status: 404, headers: {"Server"=>"nginx", "Content-Type"=>"application/json", "Connection"=>"keep-alive", "X-Powered-By"=>"PHP/7.1.15", "Cache-Control"=>"no-cache, private", "Date"=>"Sun, 29 Apr 2018 11:41:43 GMT", "Content-Length"=>"29"}, see debug logs for body
D, [2018-04-29T13:41:43.250558 #56282] DEBUG -- : body: {"message":"route not found"}
I, [2018-04-29T13:41:43.255827 #56282]  INFO -- : Running example 'Verifying a pact between SomeConsumer and SomeProvider Given A get request to /api/catalog/products Get products with GET /api/catalog/products returns a response which has status code 200'
I, [2018-04-29T13:41:43.255938 #56282]  INFO -- : Sending GET request to path: "/api/catalog/products" with headers: {"CONTENT_TYPE"=>"application/json"}, see debug logs for body
D, [2018-04-29T13:41:43.255968 #56282] DEBUG -- : body :
I, [2018-04-29T13:41:43.688954 #56282]  INFO -- : Received response with status: 200, headers: {"Server"=>"nginx", "Content-Type"=>"application/json", "Connection"=>"keep-alive", "X-Powered-By"=>"PHP/7.1.15", "Cache-Control"=>"no-cache, private", "Date"=>"Sun, 29 Apr 2018 11:41:43 GMT", "Content-Length"=>"271"}, see debug logs for body
D, [2018-04-29T13:41:43.689021 #56282] DEBUG -- : body: {"data":[{"id":"162e2dc2-6761-4a4e-9203-05f367d7ccd9","name":"Fallout","price":1.99},{"id":"4d690f62-8d63-4b53-be57-ab6e5381772b","name":"Bloodborne","price":5.99},{"id":"0d6f44d0-ad57-475d-876a-d20180fc22bd","name":"Don\u2019t Starve","price":2.99}],"next":"","prev":""}
I, [2018-04-29T13:44:49.126025 #56363]  INFO -- : Running example 'Verifying a pact between SomeConsumer and SomeProvider Given A get request to /api/catalog/categories Get categories with GET /api/catalog/categories returns a response which has status code 200'
I, [2018-04-29T13:44:49.127065 #56363]  INFO -- : Sending GET request to path: "/api/catalog/categories" with headers: {"CONTENT_TYPE"=>"application/json"}, see debug logs for body
D, [2018-04-29T13:44:49.127160 #56363] DEBUG -- : body :
I, [2018-04-29T13:44:49.387991 #56363]  INFO -- : Received response with status: 404, headers: {"Server"=>"nginx", "Content-Type"=>"application/json", "Connection"=>"keep-alive", "X-Powered-By"=>"PHP/7.1.15", "Cache-Control"=>"no-cache, private", "Date"=>"Sun, 29 Apr 2018 11:44:49 GMT", "Content-Length"=>"29"}, see debug logs for body
D, [2018-04-29T13:44:49.388075 #56363] DEBUG -- : body: {"message":"route not found"}
I, [2018-04-29T13:44:49.395871 #56363]  INFO -- : Running example 'Verifying a pact between SomeConsumer and SomeProvider Given A get request to /api/catalog/products Get products with GET /api/catalog/products returns a response which has status code 200'
I, [2018-04-29T13:44:49.396020 #56363]  INFO -- : Sending GET request to path: "/api/catalog/products" with headers: {"CONTENT_TYPE"=>"application/json"}, see debug logs for body
D, [2018-04-29T13:44:49.396070 #56363] DEBUG -- : body :
I, [2018-04-29T13:44:49.786566 #56363]  INFO -- : Received response with status: 200, headers: {"Server"=>"nginx", "Content-Type"=>"application/json", "Connection"=>"keep-alive", "X-Powered-By"=>"PHP/7.1.15", "Cache-Control"=>"no-cache, private", "Date"=>"Sun, 29 Apr 2018 11:44:49 GMT", "Content-Length"=>"271"}, see debug logs for body
D, [2018-04-29T13:44:49.786630 #56363] DEBUG -- : body: {"data":[{"id":"162e2dc2-6761-4a4e-9203-05f367d7ccd9","name":"Fallout","price":1.99},{"id":"4d690f62-8d63-4b53-be57-ab6e5381772b","name":"Bloodborne","price":5.99},{"id":"0d6f44d0-ad57-475d-876a-d20180fc22bd","name":"Don\u2019t Starve","price":2.99}],"next":"","prev":""}
I, [2018-04-29T13:47:31.124314 #56437]  INFO -- : Running example 'Verifying a pact between SomeConsumer and SomeProvider Given A get request to /api/catalog/categories Get categories with GET /api/catalog/categories returns a response which has status code 200'
I, [2018-04-29T13:47:31.124880 #56437]  INFO -- : Sending GET request to path: "/api/catalog/categories" with headers: {"CONTENT_TYPE"=>"application/json"}, see debug logs for body
D, [2018-04-29T13:47:31.124942 #56437] DEBUG -- : body :
I, [2018-04-29T13:47:31.380867 #56437]  INFO -- : Received response with status: 404, headers: {"Server"=>"nginx", "Content-Type"=>"application/json", "Connection"=>"keep-alive", "X-Powered-By"=>"PHP/7.1.15", "Cache-Control"=>"no-cache, private", "Date"=>"Sun, 29 Apr 2018 11:47:31 GMT", "Content-Length"=>"29"}, see debug logs for body
D, [2018-04-29T13:47:31.380964 #56437] DEBUG -- : body: {"message":"route not found"}
I, [2018-04-29T13:47:31.393451 #56437]  INFO -- : Running example 'Verifying a pact between SomeConsumer and SomeProvider Given A get request to /api/catalog/products Get products with GET /api/catalog/products returns a response which has status code 200'
I, [2018-04-29T13:47:31.393591 #56437]  INFO -- : Sending GET request to path: "/api/catalog/products" with headers: {"CONTENT_TYPE"=>"application/json"}, see debug logs for body
D, [2018-04-29T13:47:31.393642 #56437] DEBUG -- : body :
I, [2018-04-29T13:47:31.766467 #56437]  INFO -- : Received response with status: 200, headers: {"Server"=>"nginx", "Content-Type"=>"application/json", "Connection"=>"keep-alive", "X-Powered-By"=>"PHP/7.1.15", "Cache-Control"=>"no-cache, private", "Date"=>"Sun, 29 Apr 2018 11:47:31 GMT", "Content-Length"=>"271"}, see debug logs for body
D, [2018-04-29T13:47:31.766534 #56437] DEBUG -- : body: {"data":[{"id":"162e2dc2-6761-4a4e-9203-05f367d7ccd9","name":"Fallout","price":1.99},{"id":"4d690f62-8d63-4b53-be57-ab6e5381772b","name":"Bloodborne","price":5.99},{"id":"0d6f44d0-ad57-475d-876a-d20180fc22bd","name":"Don\u2019t Starve","price":2.99}],"next":"","prev":""}
I, [2018-04-29T13:50:32.439255 #56606]  INFO -- : Running example 'Verifying a pact between SomeConsumer and SomeProvider Given A get request to /api/catalog/categories Get categories with GET /api/catalog/categories returns a response which has status code 200'
I, [2018-04-29T13:50:32.439789 #56606]  INFO -- : Sending GET request to path: "/api/catalog/categories" with headers: {"CONTENT_TYPE"=>"application/json"}, see debug logs for body
D, [2018-04-29T13:50:32.439851 #56606] DEBUG -- : body :
I, [2018-04-29T13:50:32.959016 #56606]  INFO -- : Received response with status: 404, headers: {"Server"=>"nginx", "Content-Type"=>"application/json", "Connection"=>"keep-alive", "X-Powered-By"=>"PHP/7.1.15", "Cache-Control"=>"no-cache, private", "Date"=>"Sun, 29 Apr 2018 11:50:32 GMT", "Content-Length"=>"29"}, see debug logs for body
D, [2018-04-29T13:50:32.959091 #56606] DEBUG -- : body: {"message":"route not found"}
I, [2018-04-29T13:50:32.966295 #56606]  INFO -- : Running example 'Verifying a pact between SomeConsumer and SomeProvider Given A get request to /api/catalog/products Get products with GET /api/catalog/products returns a response which has status code 200'
I, [2018-04-29T13:50:32.966433 #56606]  INFO -- : Sending GET request to path: "/api/catalog/products" with headers: {"CONTENT_TYPE"=>"application/json"}, see debug logs for body
D, [2018-04-29T13:50:32.966474 #56606] DEBUG -- : body :
I, [2018-04-29T13:50:33.844327 #56606]  INFO -- : Received response with status: 200, headers: {"Server"=>"nginx", "Content-Type"=>"application/json", "Connection"=>"keep-alive", "X-Powered-By"=>"PHP/7.1.15", "Cache-Control"=>"no-cache, private", "Date"=>"Sun, 29 Apr 2018 11:50:33 GMT", "Content-Length"=>"271"}, see debug logs for body
D, [2018-04-29T13:50:33.844425 #56606] DEBUG -- : body: {"data":[{"id":"162e2dc2-6761-4a4e-9203-05f367d7ccd9","name":"Fallout","price":1.99},{"id":"4d690f62-8d63-4b53-be57-ab6e5381772b","name":"Bloodborne","price":5.99},{"id":"0d6f44d0-ad57-475d-876a-d20180fc22bd","name":"Don\u2019t Starve","price":2.99}],"next":"","prev":""}
I, [2018-04-29T13:53:34.527933 #56703]  INFO -- : Running example 'Verifying a pact between SomeConsumer and SomeProvider Given A get request to /api/catalog/categories Get categories with GET /api/catalog/categories returns a response which has status code 200'
I, [2018-04-29T13:53:34.528586 #56703]  INFO -- : Sending GET request to path: "/api/catalog/categories" with headers: {"CONTENT_TYPE"=>"application/json"}, see debug logs for body
D, [2018-04-29T13:53:34.528634 #56703] DEBUG -- : body :
I, [2018-04-29T13:53:34.807748 #56703]  INFO -- : Received response with status: 404, headers: {"Server"=>"nginx", "Content-Type"=>"application/json", "Connection"=>"keep-alive", "X-Powered-By"=>"PHP/7.1.15", "Cache-Control"=>"no-cache, private", "Date"=>"Sun, 29 Apr 2018 11:53:34 GMT", "Content-Length"=>"29"}, see debug logs for body
D, [2018-04-29T13:53:34.807824 #56703] DEBUG -- : body: {"message":"route not found"}
I, [2018-04-29T13:53:34.820758 #56703]  INFO -- : Running example 'Verifying a pact between SomeConsumer and SomeProvider Given A get request to /api/catalog/products Get products with GET /api/catalog/products returns a response which has status code 200'
I, [2018-04-29T13:53:34.820919 #56703]  INFO -- : Sending GET request to path: "/api/catalog/products" with headers: {"CONTENT_TYPE"=>"application/json"}, see debug logs for body
D, [2018-04-29T13:53:34.820961 #56703] DEBUG -- : body :
I, [2018-04-29T13:53:35.343959 #56703]  INFO -- : Received response with status: 200, headers: {"Server"=>"nginx", "Content-Type"=>"application/json", "Connection"=>"keep-alive", "X-Powered-By"=>"PHP/7.1.15", "Cache-Control"=>"no-cache, private", "Date"=>"Sun, 29 Apr 2018 11:53:35 GMT", "Content-Length"=>"271"}, see debug logs for body
D, [2018-04-29T13:53:35.344023 #56703] DEBUG -- : body: {"data":[{"id":"162e2dc2-6761-4a4e-9203-05f367d7ccd9","name":"Fallout","price":1.99},{"id":"4d690f62-8d63-4b53-be57-ab6e5381772b","name":"Bloodborne","price":5.99},{"id":"0d6f44d0-ad57-475d-876a-d20180fc22bd","name":"Don\u2019t Starve","price":2.99}],"next":"","prev":""}
I, [2018-04-29T14:01:26.091243 #56896]  INFO -- : Running example 'Verifying a pact between SomeConsumer and SomeProvider Given A get request to /api/catalog/categories Get categories with GET /api/catalog/categories returns a response which has status code 200'
I, [2018-04-29T14:01:26.091702 #56896]  INFO -- : Sending GET request to path: "/api/catalog/categories" with headers: {"CONTENT_TYPE"=>"application/json"}, see debug logs for body
D, [2018-04-29T14:01:26.091788 #56896] DEBUG -- : body :
I, [2018-04-29T14:01:26.334984 #56896]  INFO -- : Received response with status: 404, headers: {"Server"=>"nginx", "Content-Type"=>"application/json", "Connection"=>"keep-alive", "X-Powered-By"=>"PHP/7.1.15", "Cache-Control"=>"no-cache, private", "Date"=>"Sun, 29 Apr 2018 12:01:26 GMT", "Content-Length"=>"29"}, see debug logs for body
D, [2018-04-29T14:01:26.335052 #56896] DEBUG -- : body: {"message":"route not found"}
I, [2018-04-29T14:01:26.347807 #56896]  INFO -- : Running example 'Verifying a pact between SomeConsumer and SomeProvider Given A get request to /api/catalog/products Get products with GET /api/catalog/products returns a response which has status code 200'
I, [2018-04-29T14:01:26.347935 #56896]  INFO -- : Sending GET request to path: "/api/catalog/products" with headers: {"CONTENT_TYPE"=>"application/json"}, see debug logs for body
D, [2018-04-29T14:01:26.347972 #56896] DEBUG -- : body :
I, [2018-04-29T14:01:26.858084 #56896]  INFO -- : Received response with status: 200, headers: {"Server"=>"nginx", "Content-Type"=>"application/json", "Connection"=>"keep-alive", "X-Powered-By"=>"PHP/7.1.15", "Cache-Control"=>"no-cache, private", "Date"=>"Sun, 29 Apr 2018 12:01:26 GMT", "Content-Length"=>"271"}, see debug logs for body
D, [2018-04-29T14:01:26.858146 #56896] DEBUG -- : body: {"data":[{"id":"162e2dc2-6761-4a4e-9203-05f367d7ccd9","name":"Fallout","price":1.99},{"id":"4d690f62-8d63-4b53-be57-ab6e5381772b","name":"Bloodborne","price":5.99},{"id":"0d6f44d0-ad57-475d-876a-d20180fc22bd","name":"Don\u2019t Starve","price":2.99}],"next":"","prev":""}
I, [2018-04-29T14:05:04.811480 #57045]  INFO -- : Running example 'Verifying a pact between SomeConsumer and SomeProvider Given A get request to /api/catalog/categories Get categories with GET /api/catalog/categories returns a response which has status code 200'
I, [2018-04-29T14:05:04.814726 #57045]  INFO -- : Sending GET request to path: "/api/catalog/categories" with headers: {"CONTENT_TYPE"=>"application/json"}, see debug logs for body
D, [2018-04-29T14:05:04.814789 #57045] DEBUG -- : body :
I, [2018-04-29T14:05:05.059564 #57045]  INFO -- : Received response with status: 500, headers: {"Server"=>"nginx", "Content-Type"=>"application/json", "Connection"=>"keep-alive", "X-Powered-By"=>"PHP/7.1.15", "Cache-Control"=>"no-cache, private", "Date"=>"Sun, 29 Apr 2018 12:05:05 GMT", "Content-Length"=>"51"}, see debug logs for body
D, [2018-04-29T14:05:05.059634 #57045] DEBUG -- : body: {"message":"unknown error, please contact support"}
I, [2018-04-29T14:05:05.066775 #57045]  INFO -- : Running example 'Verifying a pact between SomeConsumer and SomeProvider Given A get request to /api/catalog/products Get products with GET /api/catalog/products returns a response which has status code 200'
I, [2018-04-29T14:05:05.066888 #57045]  INFO -- : Sending GET request to path: "/api/catalog/products" with headers: {"CONTENT_TYPE"=>"application/json"}, see debug logs for body
D, [2018-04-29T14:05:05.066928 #57045] DEBUG -- : body :
I, [2018-04-29T14:05:05.450133 #57045]  INFO -- : Received response with status: 200, headers: {"Server"=>"nginx", "Content-Type"=>"application/json", "Connection"=>"keep-alive", "X-Powered-By"=>"PHP/7.1.15", "Cache-Control"=>"no-cache, private", "Date"=>"Sun, 29 Apr 2018 12:05:05 GMT", "Content-Length"=>"271"}, see debug logs for body
D, [2018-04-29T14:05:05.450205 #57045] DEBUG -- : body: {"data":[{"id":"162e2dc2-6761-4a4e-9203-05f367d7ccd9","name":"Fallout","price":1.99},{"id":"4d690f62-8d63-4b53-be57-ab6e5381772b","name":"Bloodborne","price":5.99},{"id":"0d6f44d0-ad57-475d-876a-d20180fc22bd","name":"Don\u2019t Starve","price":2.99}],"next":"","prev":""}
I, [2018-04-29T14:17:46.886037 #57372]  INFO -- : Running example 'Verifying a pact between SomeConsumer and SomeProvider Given A get request to /api/catalog/categories Get categories with GET /api/catalog/categories returns a response which has status code 200'
I, [2018-04-29T14:17:46.887027 #57372]  INFO -- : Sending GET request to path: "/api/catalog/categories" with headers: {"CONTENT_TYPE"=>"application/json"}, see debug logs for body
D, [2018-04-29T14:17:46.887125 #57372] DEBUG -- : body :
I, [2018-04-29T14:17:47.184352 #57372]  INFO -- : Received response with status: 200, headers: {"Server"=>"nginx", "Content-Type"=>"application/json", "Connection"=>"keep-alive", "X-Powered-By"=>"PHP/7.1.15", "Cache-Control"=>"no-cache, private", "Date"=>"Sun, 29 Apr 2018 12:17:47 GMT", "Content-Length"=>"153"}, see debug logs for body
D, [2018-04-29T14:17:47.184423 #57372] DEBUG -- : body: {"data":[{"id":"162e2dc2-6761-4a4e-9203-05f367d7ccd9","name":"Shooters"},{"id":"4d690f62-8d63-4b53-be57-ab6e5381772b","name":"RTS"}],"next":"","prev":""}
I, [2018-04-29T14:17:47.192955 #57372]  INFO -- : Running example 'Verifying a pact between SomeConsumer and SomeProvider Given A get request to /api/catalog/products Get products with GET /api/catalog/products returns a response which has status code 200'
I, [2018-04-29T14:17:47.193076 #57372]  INFO -- : Sending GET request to path: "/api/catalog/products" with headers: {"CONTENT_TYPE"=>"application/json"}, see debug logs for body
D, [2018-04-29T14:17:47.193120 #57372] DEBUG -- : body :
I, [2018-04-29T14:17:47.582211 #57372]  INFO -- : Received response with status: 200, headers: {"Server"=>"nginx", "Content-Type"=>"application/json", "Connection"=>"keep-alive", "X-Powered-By"=>"PHP/7.1.15", "Cache-Control"=>"no-cache, private", "Date"=>"Sun, 29 Apr 2018 12:17:47 GMT", "Content-Length"=>"271"}, see debug logs for body
D, [2018-04-29T14:17:47.582279 #57372] DEBUG -- : body: {"data":[{"id":"162e2dc2-6761-4a4e-9203-05f367d7ccd9","name":"Fallout","price":1.99},{"id":"4d690f62-8d63-4b53-be57-ab6e5381772b","name":"Bloodborne","price":5.99},{"id":"0d6f44d0-ad57-475d-876a-d20180fc22bd","name":"Don\u2019t Starve","price":2.99}],"next":"","prev":""}
